<?xml version="1.0" encoding="UTF-8"?>
<!-- Generated by org.testng.reporters.JUnitReportReporter -->
<testsuite skipped="0" hostname="Acehole" name="testCases.LoginApplication" tests="1" failures="0" timestamp="18 Jan 2019 23:54:56 GMT" time="15.258" errors="0">
  <testcase name="Login" time="15.258" classname="testCases.LoginApplication"/>
</testsuite> <!-- testCases.LoginApplication -->
